{"devicePlatform":"","logFolder":"C:\\Users\\girish_mohan\\Katalon Studio\\GITKat\\Reports\\tsA\\20180828_150100","runData":{"hostName":"girish_mohan - TH1883.thbs.india.com","hostAddress":"172.30.64.76","os":"Windows 10 64bit","katalonVersion":"5.5.0.1"},"type":"TEST_SUITE","name":"tsA","id":"Test Suites/tsA","source":"","message":"Test Cases/ts1 FAILED because (of) Variable \u0027webReq\u0027 is not defined for test case.","description":"","startTime":1535448662281,"endTime":1535448662977,"childRecords":[{"isOptional":false,"type":"TEST_CASE","name":"Test Cases/ts1","id":"Test Cases/ts1","source":"C:\\\\Users\\\\girish_mohan\\\\Katalon Studio\\\\GITKat\\\\Test Cases\\\\ts1.tc","message":"Test Cases/ts1 FAILED because (of) Variable \u0027webReq\u0027 is not defined for test case.","description":"","startTime":1535448662578,"endTime":1535448662920,"childRecords":[{"testStatus":{"stackTrace":"","statusValue":"INFO"},"type":"MESSAGE","name":"","message":"Evaluating variables for test case","startTime":1535448662605,"endTime":0,"childRecords":[],"interuppted":false},{"index":1,"isIgnoredIfFailed":false,"type":"TEST_STEP","name":"sendRequest","description":"","startTime":1535448662908,"endTime":1535448662910,"childRecords":[],"interuppted":false},{"testStatus":{"stackTrace":"","statusValue":"ERROR"},"type":"MESSAGE","name":"","message":"Test Cases/ts1 FAILED because (of) Variable \u0027webReq\u0027 is not defined for test case.","startTime":1535448662910,"endTime":0,"childRecords":[],"interuppted":false}],"interuppted":false}],"interuppted":false}