<?xml version="1.0" encoding="UTF-8"?>
<testsuites name="tsA" time="0" tests="0" failures="0" errors="1">
   <testsuite name="tsA" tests="0" failures="0" errors="1" time="0" timestamp="2018-08-28 15:00:03" hostname="girish_mohan - TH1883.thbs.india.com" id="Test Suites/tsA">
      <properties>
         <property name="deviceName" value=""/>
         <property name="devicePlatform" value=""/>
         <property name="logFolder" value="C:\\Users\\girish_mohan\\Katalon Studio\\GITKat\\Reports\\tsA\\20180828_150001"/>
         <property name="logFiles" value="C:\\Users\\girish_mohan\\Katalon Studio\\GITKat\\Reports\\tsA\\20180828_150001\\execution0.log"/>
         <property name="attachments" value=""/>
         <property name="hostName" value="girish_mohan - TH1883.thbs.india.com"/>
         <property name="hostAddress" value="172.30.64.76"/>
         <property name="os" value="Windows 10 64bit"/>
         <property name="katalonVersion" value="5.5.0.1"/>
      </properties>
      <testcase name="Test Cases/ts1" classname="Test Cases/ts1" status="ERROR">
         <error type="ERROR" message="Test Cases/ts1 FAILED because (of) Variable 'webReq' is not defined for test case."/>
         <system-out><![CDATA[2018-08-28 15:00:03 - [TEST_CASE][ERROR] - Test Cases/ts1: Test Cases/ts1 FAILED because (of) Variable 'webReq' is not defined for test case.

2018-08-28 15:00:04 - [TEST_STEP][PASSED] - sendRequest: null]]></system-out>
         <system-err><![CDATA[2018-08-28 15:00:03 - [TEST_CASE][ERROR] - Test Cases/ts1: Test Cases/ts1 FAILED because (of) Variable 'webReq' is not defined for test case.]]></system-err>
      </testcase>
      <system-out><![CDATA[2018-08-28 15:00:03 - [TEST_SUITE][ERROR] - tsA: Test Cases/ts1 FAILED because (of) Variable 'webReq' is not defined for test case.]]></system-out>
      <system-err><![CDATA[2018-08-28 15:00:03 - [TEST_SUITE][ERROR] - tsA: Test Cases/ts1 FAILED because (of) Variable 'webReq' is not defined for test case.]]></system-err>
   </testsuite>
</testsuites>
